<?xml version="1.0" encoding="UTF-8"?>
<!-- Generated by org.testng.reporters.JUnitReportReporter -->
<testsuite hostname="pranav-harry" name="demo.VerifyTitle" tests="1" failures="0" timestamp="10 Jan 2017 02:09:29 GMT" time="0.048" errors="0">
  <testcase name="testTitle" time="0.048" classname="demo.VerifyTitle"/>
</testsuite> <!-- demo.VerifyTitle -->
