<?xml version="1.0" encoding="UTF-8"?>
<!-- Generated by org.testng.reporters.JUnitReportReporter -->
<testsuite hostname="pranav-harry" name="demo.Assignment17" tests="2" failures="0" timestamp="11 Jan 2017 17:03:26 GMT" time="3.058" errors="0">
  <testcase name="verifyText2" time="0.057" classname="demo.Assignment17"/>
  <testcase name="verifyText" time="3.001" classname="demo.Assignment17"/>
</testsuite> <!-- demo.Assignment17 -->
