<?xml version="1.0" encoding="UTF-8"?>
<!-- Generated by org.testng.reporters.JUnitReportReporter -->
<testsuite hostname="pranav-harry" name="demo.Annotations" tests="2" failures="0" timestamp="10 Jan 2017 14:07:09 GMT" time="0.013" errors="0">
  <testcase name="test2" time="0.005" classname="demo.Annotations"/>
  <testcase name="test" time="0.008" classname="demo.Annotations"/>
</testsuite> <!-- demo.Annotations -->
