<?xml version="1.0" encoding="UTF-8"?>
<!-- Generated by org.testng.reporters.JUnitReportReporter -->
<testsuite hostname="pranav-harry" name="demo.ScreenShot" tests="1" failures="0" timestamp="14 Jan 2017 01:28:35 GMT" time="34.304" errors="0">
  <testcase name="testApp" time="34.304" classname="demo.ScreenShot"/>
</testsuite> <!-- demo.ScreenShot -->
