<?xml version="1.0" encoding="UTF-8"?>
<!-- Generated by org.testng.reporters.JUnitReportReporter -->
<testsuite hostname="pranav-harry" name="demo.Internationalization" tests="1" failures="0" timestamp="12 Jan 2017 22:00:00 GMT" time="0.334" errors="0">
  <testcase name="testApp" time="0.334" classname="demo.Internationalization"/>
</testsuite> <!-- demo.Internationalization -->
