<?xml version="1.0" encoding="UTF-8"?>
<!-- Generated by org.testng.reporters.JUnitReportReporter -->
<testsuite hostname="pranav-harry" name="crossBrowserTesting.CBT" tests="3" failures="0" timestamp="25 Jan 2017 16:06:22 GMT" time="0.052" errors="0">
  <testcase name="testTitle" time="0.011" classname="crossBrowserTesting.CBT"/>
  <testcase name="testTitle" time="0.024" classname="crossBrowserTesting.CBT"/>
  <testcase name="testTitle" time="0.017" classname="crossBrowserTesting.CBT"/>
</testsuite> <!-- crossBrowserTesting.CBT -->
