<?xml version="1.0" encoding="UTF-8"?>
<!-- Generated by org.testng.reporters.JUnitReportReporter -->
<testsuite hostname="pranav-harry" name="assignments.Assignment18" tests="5" failures="0" timestamp="12 Jan 2017 15:14:14 GMT" time="53.130" errors="0">
  <testcase name="verifyTitle" time="10.461" classname="assignments.Assignment18"/>
  <testcase name="verifyTitle" time="10.729" classname="assignments.Assignment18"/>
  <testcase name="verifyTitle" time="9.995" classname="assignments.Assignment18"/>
  <testcase name="verifyTitle" time="11.388" classname="assignments.Assignment18"/>
  <testcase name="verifyTitle" time="10.557" classname="assignments.Assignment18"/>
</testsuite> <!-- assignments.Assignment18 -->
