<?xml version="1.0" encoding="UTF-8"?>
<!-- Generated by org.testng.reporters.JUnitReportReporter -->
<testsuite hostname="pranav-harry" name="assignments.Assignment19" tests="12" failures="0" timestamp="12 Jan 2017 22:44:45 GMT" time="0.639" errors="0">
  <testcase name="testTitle" time="0.035" classname="assignments.Assignment19"/>
  <testcase name="verifyText" time="0.082" classname="assignments.Assignment19"/>
  <testcase name="verifyText" time="0.098" classname="assignments.Assignment19"/>
  <testcase name="testTitle" time="0.042" classname="assignments.Assignment19"/>
  <testcase name="testTitle" time="0.021" classname="assignments.Assignment19"/>
  <testcase name="verifyText" time="0.096" classname="assignments.Assignment19"/>
  <testcase name="verifyText" time="0.082" classname="assignments.Assignment19"/>
  <testcase name="verifyText2" time="0.033" classname="assignments.Assignment19"/>
  <testcase name="testTitle" time="0.035" classname="assignments.Assignment19"/>
  <testcase name="verifyText2" time="0.036" classname="assignments.Assignment19"/>
  <testcase name="verifyText2" time="0.044" classname="assignments.Assignment19"/>
  <testcase name="verifyText2" time="0.035" classname="assignments.Assignment19"/>
</testsuite> <!-- assignments.Assignment19 -->
