<?xml version="1.0" encoding="UTF-8"?>
<!-- Generated by org.testng.reporters.JUnitReportReporter -->
<testsuite hostname="pranav-harry" name="assignments.Assignment20" tests="1" failures="0" timestamp="14 Jan 2017 01:38:55 GMT" time="6.165" errors="0">
  <testcase name="testApp" time="6.165" classname="assignments.Assignment20"/>
</testsuite> <!-- assignments.Assignment20 -->
