<?xml version="1.0" encoding="UTF-8"?>
<!-- Generated by org.testng.reporters.JUnitReportReporter -->
<testsuite hostname="pranav-harry" name="demo.MultipleTestAnnotations" tests="6" failures="0" timestamp="12 Jan 2017 13:33:28 GMT" time="43.442" errors="0">
  <testcase name="verifyTitle" time="7.208" classname="demo.MultipleTestAnnotations"/>
  <testcase name="verifyTitle" time="7.255" classname="demo.MultipleTestAnnotations"/>
  <testcase name="verifyTitle" time="6.855" classname="demo.MultipleTestAnnotations"/>
  <testcase name="verifyTitle" time="7.276" classname="demo.MultipleTestAnnotations"/>
  <testcase name="verifyText2" time="7.932" classname="demo.MultipleTestAnnotations"/>
  <testcase name="verifyTitle" time="6.916" classname="demo.MultipleTestAnnotations"/>
</testsuite> <!-- demo.MultipleTestAnnotations -->
